Performing C++ SOURCE FILE Test HAVE_CXX_FLAG_WSHORTEN_64_TO_32 failed with the following output:
Change Dir: /home/kirill_kazarin/Рабочий стол/cpp.labs/crc_course_work/cmake-build-debug/CMakeFiles/CMakeTmp

Run Build Command(s):/usr/bin/make -f Makefile cmTC_74320/fast && /usr/bin/make  -f CMakeFiles/cmTC_74320.dir/build.make CMakeFiles/cmTC_74320.dir/build
make[1]: Entering directory '/home/kirill_kazarin/Рабочий стол/cpp.labs/crc_course_work/cmake-build-debug/CMakeFiles/CMakeTmp'
Building CXX object CMakeFiles/cmTC_74320.dir/src.cxx.o
/usr/bin/c++ -DHAVE_CXX_FLAG_WSHORTEN_64_TO_32  -std=c++11  -Wall  -Wextra  -Wshadow  -pedantic  -pedantic-errors  -Wshorten-64-to-32   -Wshorten-64-to-32 -o CMakeFiles/cmTC_74320.dir/src.cxx.o -c "/home/kirill_kazarin/Рабочий стол/cpp.labs/crc_course_work/cmake-build-debug/CMakeFiles/CMakeTmp/src.cxx"
c++: error: unrecognized command line option '-Wshorten-64-to-32'
c++: error: unrecognized command line option '-Wshorten-64-to-32'
make[1]: *** [CMakeFiles/cmTC_74320.dir/build.make:78: CMakeFiles/cmTC_74320.dir/src.cxx.o] Error 1
make[1]: Leaving directory '/home/kirill_kazarin/Рабочий стол/cpp.labs/crc_course_work/cmake-build-debug/CMakeFiles/CMakeTmp'
make: *** [Makefile:127: cmTC_74320/fast] Error 2


Source file was:
int main() { return 0; }
Performing C++ SOURCE FILE Test HAVE_CXX_FLAG_WD654 failed with the following output:
Change Dir: /home/kirill_kazarin/Рабочий стол/cpp.labs/crc_course_work/cmake-build-debug/CMakeFiles/CMakeTmp

Run Build Command(s):/usr/bin/make -f Makefile cmTC_e4735/fast && /usr/bin/make  -f CMakeFiles/cmTC_e4735.dir/build.make CMakeFiles/cmTC_e4735.dir/build
make[1]: Entering directory '/home/kirill_kazarin/Рабочий стол/cpp.labs/crc_course_work/cmake-build-debug/CMakeFiles/CMakeTmp'
Building CXX object CMakeFiles/cmTC_e4735.dir/src.cxx.o
/usr/bin/c++ -DHAVE_CXX_FLAG_WD654  -std=c++11  -Wall  -Wextra  -Wshadow  -pedantic  -pedantic-errors  -fstrict-aliasing  -Wno-deprecated-declarations  -Wstrict-aliasing  -wd654   -wd654 -o CMakeFiles/cmTC_e4735.dir/src.cxx.o -c "/home/kirill_kazarin/Рабочий стол/cpp.labs/crc_course_work/cmake-build-debug/CMakeFiles/CMakeTmp/src.cxx"
c++: error: unrecognized command line option '-wd654'
c++: error: unrecognized command line option '-wd654'
make[1]: *** [CMakeFiles/cmTC_e4735.dir/build.make:78: CMakeFiles/cmTC_e4735.dir/src.cxx.o] Error 1
make[1]: Leaving directory '/home/kirill_kazarin/Рабочий стол/cpp.labs/crc_course_work/cmake-build-debug/CMakeFiles/CMakeTmp'
make: *** [Makefile:127: cmTC_e4735/fast] Error 2


Source file was:
int main() { return 0; }
Performing C++ SOURCE FILE Test HAVE_CXX_FLAG_WTHREAD_SAFETY failed with the following output:
Change Dir: /home/kirill_kazarin/Рабочий стол/cpp.labs/crc_course_work/cmake-build-debug/CMakeFiles/CMakeTmp

Run Build Command(s):/usr/bin/make -f Makefile cmTC_1a1bb/fast && /usr/bin/make  -f CMakeFiles/cmTC_1a1bb.dir/build.make CMakeFiles/cmTC_1a1bb.dir/build
make[1]: Entering directory '/home/kirill_kazarin/Рабочий стол/cpp.labs/crc_course_work/cmake-build-debug/CMakeFiles/CMakeTmp'
Building CXX object CMakeFiles/cmTC_1a1bb.dir/src.cxx.o
/usr/bin/c++ -DHAVE_CXX_FLAG_WTHREAD_SAFETY  -std=c++11  -Wall  -Wextra  -Wshadow  -pedantic  -pedantic-errors  -fstrict-aliasing  -Wno-deprecated-declarations  -Wstrict-aliasing  -Wthread-safety   -Wthread-safety -o CMakeFiles/cmTC_1a1bb.dir/src.cxx.o -c "/home/kirill_kazarin/Рабочий стол/cpp.labs/crc_course_work/cmake-build-debug/CMakeFiles/CMakeTmp/src.cxx"
c++: error: unrecognized command line option '-Wthread-safety'
c++: error: unrecognized command line option '-Wthread-safety'
make[1]: *** [CMakeFiles/cmTC_1a1bb.dir/build.make:78: CMakeFiles/cmTC_1a1bb.dir/src.cxx.o] Error 1
make[1]: Leaving directory '/home/kirill_kazarin/Рабочий стол/cpp.labs/crc_course_work/cmake-build-debug/CMakeFiles/CMakeTmp'
make: *** [Makefile:127: cmTC_1a1bb/fast] Error 2


Source file was:
int main() { return 0; }
Performing C SOURCE FILE Test CMAKE_HAVE_LIBC_PTHREAD failed with the following output:
Change Dir: /home/kirill_kazarin/Рабочий стол/cpp.labs/crc_course_work/cmake-build-debug/CMakeFiles/CMakeTmp

Run Build Command(s):/usr/bin/make -f Makefile cmTC_9ab32/fast && /usr/bin/make  -f CMakeFiles/cmTC_9ab32.dir/build.make CMakeFiles/cmTC_9ab32.dir/build
make[1]: вход в каталог «/home/kirill_kazarin/Рабочий стол/cpp.labs/crc_course_work/cmake-build-debug/CMakeFiles/CMakeTmp»
Building C object CMakeFiles/cmTC_9ab32.dir/src.c.o
/usr/bin/cc -DCMAKE_HAVE_LIBC_PTHREAD   -o CMakeFiles/cmTC_9ab32.dir/src.c.o -c "/home/kirill_kazarin/Рабочий стол/cpp.labs/crc_course_work/cmake-build-debug/CMakeFiles/CMakeTmp/src.c"
Linking C executable cmTC_9ab32
/snap/clion/189/bin/cmake/linux/bin/cmake -E cmake_link_script CMakeFiles/cmTC_9ab32.dir/link.txt --verbose=1
/usr/bin/cc CMakeFiles/cmTC_9ab32.dir/src.c.o -o cmTC_9ab32 
/usr/bin/ld: CMakeFiles/cmTC_9ab32.dir/src.c.o: в функции «main»:
src.c:(.text+0x46): неопределённая ссылка на «pthread_create»
/usr/bin/ld: src.c:(.text+0x52): неопределённая ссылка на «pthread_detach»
/usr/bin/ld: src.c:(.text+0x5e): неопределённая ссылка на «pthread_cancel»
/usr/bin/ld: src.c:(.text+0x6f): неопределённая ссылка на «pthread_join»
collect2: error: ld returned 1 exit status
make[1]: *** [CMakeFiles/cmTC_9ab32.dir/build.make:99: cmTC_9ab32] Ошибка 1
make[1]: выход из каталога «/home/kirill_kazarin/Рабочий стол/cpp.labs/crc_course_work/cmake-build-debug/CMakeFiles/CMakeTmp»
make: *** [Makefile:127: cmTC_9ab32/fast] Ошибка 2


Source file was:
#include <pthread.h>

static void* test_func(void* data)
{
  return data;
}

int main(void)
{
  pthread_t thread;
  pthread_create(&thread, NULL, test_func, NULL);
  pthread_detach(thread);
  pthread_cancel(thread);
  pthread_join(thread, NULL);
  pthread_atfork(NULL, NULL, NULL);
  pthread_exit(NULL);

  return 0;
}

